Build started 26/08/2011 14:44:13.
     1>Project "H:\Programmering\C++\dat220_2011\Torgeh08\Task_1_3\Task_1_3\Task_1_3\Task_1_3.vcxproj" on node 2 (build target(s)).
     1>InitializeBuildStatus:
         Creating "Debug\Task_1_3.unsuccessfulbuild" because "AlwaysCreate" was specified.
       ClCompile:
         D:\Program Files (x86)\Visual Studio\VC\bin\CL.exe /c /ZI /nologo /W3 /WX- /Od /Oy- /D WIN32 /D _DEBUG /D _CONSOLE /D _UNICODE /D UNICODE /Gm /EHsc /RTC1 /MDd /GS /fp:precise /Zc:wchar_t /Zc:forScope /Fo"Debug\\" /Fd"Debug\vc100.pdb" /Gd /TP /analyze- /errorReport:prompt Main.cpp
         Main.cpp
     1>h:\programmering\c++\dat220_2011\torgeh08\task_1_3\task_1_3\task_1_3\main.cpp(32): warning C4244: '=' : conversion from 'unsigned short' to 'char', possible loss of data
       ManifestResourceCompile:
         All outputs are up-to-date.
       Link:
         D:\Program Files (x86)\Visual Studio\VC\bin\link.exe /ERRORREPORT:PROMPT /OUT:"H:\Programmering\C++\dat220_2011\Torgeh08\Task_1_3\Task_1_3\Debug\Task_1_3.exe" /INCREMENTAL /NOLOGO kernel32.lib user32.lib gdi32.lib winspool.lib comdlg32.lib advapi32.lib shell32.lib ole32.lib oleaut32.lib uuid.lib odbc32.lib odbccp32.lib /MANIFEST /ManifestFile:"Debug\Task_1_3.exe.intermediate.manifest" /MANIFESTUAC:"level='asInvoker' uiAccess='false'" /DEBUG /PDB:"H:\Programmering\C++\dat220_2011\Torgeh08\Task_1_3\Task_1_3\Debug\Task_1_3.pdb" /SUBSYSTEM:CONSOLE /TLBID:1 /DYNAMICBASE /NXCOMPAT /IMPLIB:"H:\Programmering\C++\dat220_2011\Torgeh08\Task_1_3\Task_1_3\Debug\Task_1_3.lib" /MACHINE:X86 Debug\Task_1_3.exe.embed.manifest.res
         Debug\Main.obj
       Manifest:
         C:\Program Files (x86)\Microsoft SDKs\Windows\v7.0A\bin\mt.exe /nologo /verbose /out:"Debug\Task_1_3.exe.embed.manifest" /manifest Debug\Task_1_3.exe.intermediate.manifest
         All outputs are up-to-date.
       LinkEmbedManifest:
         All outputs are up-to-date.
         Task_1_3.vcxproj -> H:\Programmering\C++\dat220_2011\Torgeh08\Task_1_3\Task_1_3\Debug\Task_1_3.exe
       FinalizeBuildStatus:
         Deleting file "Debug\Task_1_3.unsuccessfulbuild".
         Touching "Debug\Task_1_3.lastbuildstate".
     1>Done Building Project "H:\Programmering\C++\dat220_2011\Torgeh08\Task_1_3\Task_1_3\Task_1_3\Task_1_3.vcxproj" (build target(s)).

Build succeeded.

Time Elapsed 00:00:00.99
