Build started 26.11.2011 16:38:55.
     1>Project "D:\Programmering\C++\Eget\MapEditor\RollingStones\RollingStones\RollingStones.vcxproj" on node 2 (build target(s)).
     1>InitializeBuildStatus:
         Creating "Debug\RollingStones.unsuccessfulbuild" because "AlwaysCreate" was specified.
       ClCompile:
         C:\Program Files (x86)\Microsoft Visual Studio 10.0\VC\bin\CL.exe /c /ZI /nologo /W3 /WX- /Od /Oy- /D WIN32 /D _DEBUG /D _CONSOLE /D _UNICODE /D UNICODE /Gm /EHsc /RTC1 /MDd /GS /fp:precise /Zc:wchar_t /Zc:forScope /Fo"Debug\\" /Fd"Debug\vc100.pdb" /Gd /TP /analyze- /errorReport:prompt main.cpp
         main.cpp
     1>d:\programmering\c++\eget\mapeditor\rollingstones\rollingstones\main.cpp(100): warning C4018: '>=' : signed/unsigned mismatch
     1>d:\programmering\c++\eget\mapeditor\rollingstones\rollingstones\main.cpp(111): warning C4018: '<=' : signed/unsigned mismatch
       ManifestResourceCompile:
         All outputs are up-to-date.
       Link:
         C:\Program Files (x86)\Microsoft Visual Studio 10.0\VC\bin\link.exe /ERRORREPORT:PROMPT /OUT:"D:\Programmering\C++\Eget\MapEditor\RollingStones\Debug\RollingStones.exe" /INCREMENTAL /NOLOGO kernel32.lib user32.lib gdi32.lib winspool.lib comdlg32.lib advapi32.lib shell32.lib ole32.lib oleaut32.lib uuid.lib odbc32.lib odbccp32.lib /MANIFEST /ManifestFile:"Debug\RollingStones.exe.intermediate.manifest" /MANIFESTUAC:"level='asInvoker' uiAccess='false'" /DEBUG /PDB:"D:\Programmering\C++\Eget\MapEditor\RollingStones\Debug\RollingStones.pdb" /SUBSYSTEM:CONSOLE /TLBID:1 /DYNAMICBASE /NXCOMPAT /IMPLIB:"D:\Programmering\C++\Eget\MapEditor\RollingStones\Debug\RollingStones.lib" /MACHINE:X86 Debug\RollingStones.exe.embed.manifest.res
         Debug\lodepng.obj
         Debug\main.obj
       Manifest:
         C:\Program Files (x86)\Microsoft SDKs\Windows\v7.0A\bin\mt.exe /nologo /verbose /out:"Debug\RollingStones.exe.embed.manifest" /manifest Debug\RollingStones.exe.intermediate.manifest
         All outputs are up-to-date.
       LinkEmbedManifest:
         All outputs are up-to-date.
         RollingStones.vcxproj -> D:\Programmering\C++\Eget\MapEditor\RollingStones\Debug\RollingStones.exe
       FinalizeBuildStatus:
         Deleting file "Debug\RollingStones.unsuccessfulbuild".
         Touching "Debug\RollingStones.lastbuildstate".
     1>Done Building Project "D:\Programmering\C++\Eget\MapEditor\RollingStones\RollingStones\RollingStones.vcxproj" (build target(s)).

Build succeeded.

Time Elapsed 00:00:01.87
