Build started 22.08.2011 15:15:50.
     1>Project "C:\svn-win32-1.6.17\bin\trunk\Torgeh08\HandIn_01\imdointhis_1_1\imdointhis_1_1.vcxproj" on node 2 (build target(s)).
     1>InitializeBuildStatus:
         Creating "Debug\imdointhis_1_1.unsuccessfulbuild" because "AlwaysCreate" was specified.
       ClCompile:
         C:\Program Files (x86)\Microsoft Visual Studio 10.0\VC\bin\CL.exe /c /ZI /nologo /W3 /WX- /Od /Oy- /D WIN32 /D _DEBUG /D _CONSOLE /D _UNICODE /D UNICODE /Gm /EHsc /RTC1 /MDd /GS /fp:precise /Zc:wchar_t /Zc:forScope /Fo"Debug\\" /Fd"Debug\vc100.pdb" /Gd /TP /analyze- /errorReport:prompt Main.cpp
         Main.cpp
       ManifestResourceCompile:
         All outputs are up-to-date.
       Link:
         C:\Program Files (x86)\Microsoft Visual Studio 10.0\VC\bin\link.exe /ERRORREPORT:PROMPT /OUT:"C:\svn-win32-1.6.17\bin\trunk\Torgeh08\HandIn_01\Debug\imdointhis_1_1.exe" /INCREMENTAL /NOLOGO kernel32.lib user32.lib gdi32.lib winspool.lib comdlg32.lib advapi32.lib shell32.lib ole32.lib oleaut32.lib uuid.lib odbc32.lib odbccp32.lib /MANIFEST /ManifestFile:"Debug\imdointhis_1_1.exe.intermediate.manifest" /MANIFESTUAC:"level='asInvoker' uiAccess='false'" /DEBUG /PDB:"C:\svn-win32-1.6.17\bin\trunk\Torgeh08\HandIn_01\Debug\imdointhis_1_1.pdb" /SUBSYSTEM:CONSOLE /TLBID:1 /DYNAMICBASE /NXCOMPAT /IMPLIB:"C:\svn-win32-1.6.17\bin\trunk\Torgeh08\HandIn_01\Debug\imdointhis_1_1.lib" /MACHINE:X86 Debug\imdointhis_1_1.exe.embed.manifest.res
         Debug\Main.obj
       Manifest:
         C:\Program Files (x86)\Microsoft SDKs\Windows\v7.0A\bin\mt.exe /nologo /verbose /out:"Debug\imdointhis_1_1.exe.embed.manifest" /manifest Debug\imdointhis_1_1.exe.intermediate.manifest
         All outputs are up-to-date.
       LinkEmbedManifest:
         All outputs are up-to-date.
         imdointhis_1_1.vcxproj -> C:\svn-win32-1.6.17\bin\trunk\Torgeh08\HandIn_01\Debug\imdointhis_1_1.exe
       FinalizeBuildStatus:
         Deleting file "Debug\imdointhis_1_1.unsuccessfulbuild".
         Touching "Debug\imdointhis_1_1.lastbuildstate".
     1>Done Building Project "C:\svn-win32-1.6.17\bin\trunk\Torgeh08\HandIn_01\imdointhis_1_1\imdointhis_1_1.vcxproj" (build target(s)).

Build succeeded.

Time Elapsed 00:00:01.15
