Build started 28/08/2011 12:43:51.
     1>Project "H:\Programmering\C++\dat220_2011\Torgeh08\Task_1_4\Task_1_4\Task_1_4\Task_1_4.vcxproj" on node 2 (build target(s)).
     1>PrepareForBuild:
         Creating directory "H:\Programmering\C++\dat220_2011\Torgeh08\Task_1_4\Task_1_4\Debug\".
       InitializeBuildStatus:
         Creating "Debug\Task_1_4.unsuccessfulbuild" because "AlwaysCreate" was specified.
       ClCompile:
         D:\Program Files (x86)\Visual Studio\VC\bin\CL.exe /c /ZI /nologo /W3 /WX- /Od /Oy- /D WIN32 /D _DEBUG /D _CONSOLE /D _UNICODE /D UNICODE /Gm /EHsc /RTC1 /MDd /GS /fp:precise /Zc:wchar_t /Zc:forScope /Fo"Debug\\" /Fd"Debug\vc100.pdb" /Gd /TP /analyze- /errorReport:prompt Main.cpp
         Main.cpp
     1>h:\programmering\c++\dat220_2011\torgeh08\task_1_4\task_1_4\task_1_4\main.cpp(20): warning C4101: 'BEtheChar' : unreferenced local variable
       ManifestResourceCompile:
         C:\Program Files (x86)\Microsoft SDKs\Windows\v7.0A\bin\rc.exe /nologo /fo"Debug\Task_1_4.exe.embed.manifest.res" Debug\Task_1_4_manifest.rc 
       Link:
         D:\Program Files (x86)\Visual Studio\VC\bin\link.exe /ERRORREPORT:PROMPT /OUT:"H:\Programmering\C++\dat220_2011\Torgeh08\Task_1_4\Task_1_4\Debug\Task_1_4.exe" /INCREMENTAL /NOLOGO kernel32.lib user32.lib gdi32.lib winspool.lib comdlg32.lib advapi32.lib shell32.lib ole32.lib oleaut32.lib uuid.lib odbc32.lib odbccp32.lib /MANIFEST /ManifestFile:"Debug\Task_1_4.exe.intermediate.manifest" /MANIFESTUAC:"level='asInvoker' uiAccess='false'" /DEBUG /PDB:"H:\Programmering\C++\dat220_2011\Torgeh08\Task_1_4\Task_1_4\Debug\Task_1_4.pdb" /SUBSYSTEM:CONSOLE /TLBID:1 /DYNAMICBASE /NXCOMPAT /IMPLIB:"H:\Programmering\C++\dat220_2011\Torgeh08\Task_1_4\Task_1_4\Debug\Task_1_4.lib" /MACHINE:X86 Debug\Task_1_4.exe.embed.manifest.res
         Debug\Main.obj
       Manifest:
         C:\Program Files (x86)\Microsoft SDKs\Windows\v7.0A\bin\mt.exe /nologo /verbose /out:"Debug\Task_1_4.exe.embed.manifest" /manifest Debug\Task_1_4.exe.intermediate.manifest
         C:\Program Files (x86)\Microsoft SDKs\Windows\v7.0A\bin\rc.exe /nologo /fo"Debug\Task_1_4.exe.embed.manifest.res" Debug\Task_1_4_manifest.rc 
       LinkEmbedManifest:
         D:\Program Files (x86)\Visual Studio\VC\bin\link.exe /ERRORREPORT:PROMPT /OUT:"H:\Programmering\C++\dat220_2011\Torgeh08\Task_1_4\Task_1_4\Debug\Task_1_4.exe" /INCREMENTAL /NOLOGO kernel32.lib user32.lib gdi32.lib winspool.lib comdlg32.lib advapi32.lib shell32.lib ole32.lib oleaut32.lib uuid.lib odbc32.lib odbccp32.lib /MANIFEST /ManifestFile:"Debug\Task_1_4.exe.intermediate.manifest" /MANIFESTUAC:"level='asInvoker' uiAccess='false'" /DEBUG /PDB:"H:\Programmering\C++\dat220_2011\Torgeh08\Task_1_4\Task_1_4\Debug\Task_1_4.pdb" /SUBSYSTEM:CONSOLE /TLBID:1 /DYNAMICBASE /NXCOMPAT /IMPLIB:"H:\Programmering\C++\dat220_2011\Torgeh08\Task_1_4\Task_1_4\Debug\Task_1_4.lib" /MACHINE:X86 Debug\Task_1_4.exe.embed.manifest.res
         Debug\Main.obj
         Task_1_4.vcxproj -> H:\Programmering\C++\dat220_2011\Torgeh08\Task_1_4\Task_1_4\Debug\Task_1_4.exe
       FinalizeBuildStatus:
         Deleting file "Debug\Task_1_4.unsuccessfulbuild".
         Touching "Debug\Task_1_4.lastbuildstate".
     1>Done Building Project "H:\Programmering\C++\dat220_2011\Torgeh08\Task_1_4\Task_1_4\Task_1_4\Task_1_4.vcxproj" (build target(s)).

Build succeeded.

Time Elapsed 00:00:05.90
