C:\SVN-WIN32-1.6.17\BIN\TRUNK\TORGEH08\HANDIN_01\DEBUG\TASK_1_2.EXE
C:\SVN-WIN32-1.6.17\BIN\TRUNK\TORGEH08\HANDIN_01\DEBUG\TASK_1_2.ILK
C:\SVN-WIN32-1.6.17\BIN\TRUNK\TORGEH08\HANDIN_01\DEBUG\TASK_1_2.PDB
C:\svn-win32-1.6.17\bin\trunk\Torgeh08\HandIn_01\task_1_2\Debug\cl.command.1.tlog
C:\svn-win32-1.6.17\bin\trunk\Torgeh08\HandIn_01\task_1_2\Debug\CL.read.1.tlog
C:\svn-win32-1.6.17\bin\trunk\Torgeh08\HandIn_01\task_1_2\Debug\CL.write.1.tlog
C:\svn-win32-1.6.17\bin\trunk\Torgeh08\HandIn_01\task_1_2\Debug\link.4064.read.1.tlog
C:\svn-win32-1.6.17\bin\trunk\Torgeh08\HandIn_01\task_1_2\Debug\link.4064.write.1.tlog
C:\svn-win32-1.6.17\bin\trunk\Torgeh08\HandIn_01\task_1_2\Debug\link.4064-cvtres.read.1.tlog
C:\svn-win32-1.6.17\bin\trunk\Torgeh08\HandIn_01\task_1_2\Debug\link.4064-cvtres.write.1.tlog
C:\svn-win32-1.6.17\bin\trunk\Torgeh08\HandIn_01\task_1_2\Debug\link.command.1.tlog
C:\svn-win32-1.6.17\bin\trunk\Torgeh08\HandIn_01\task_1_2\Debug\link.read.1.tlog
C:\svn-win32-1.6.17\bin\trunk\Torgeh08\HandIn_01\task_1_2\Debug\link.write.1.tlog
C:\svn-win32-1.6.17\bin\trunk\Torgeh08\HandIn_01\task_1_2\Debug\link-cvtres.read.1.tlog
C:\svn-win32-1.6.17\bin\trunk\Torgeh08\HandIn_01\task_1_2\Debug\link-cvtres.write.1.tlog
C:\SVN-WIN32-1.6.17\BIN\TRUNK\TORGEH08\HANDIN_01\TASK_1_2\DEBUG\MAIN.OBJ
C:\svn-win32-1.6.17\bin\trunk\Torgeh08\HandIn_01\task_1_2\Debug\mt.command.1.tlog
C:\svn-win32-1.6.17\bin\trunk\Torgeh08\HandIn_01\task_1_2\Debug\mt.read.1.tlog
C:\svn-win32-1.6.17\bin\trunk\Torgeh08\HandIn_01\task_1_2\Debug\mt.write.1.tlog
C:\svn-win32-1.6.17\bin\trunk\Torgeh08\HandIn_01\task_1_2\Debug\rc.command.1.tlog
C:\svn-win32-1.6.17\bin\trunk\Torgeh08\HandIn_01\task_1_2\Debug\rc.read.1.tlog
C:\svn-win32-1.6.17\bin\trunk\Torgeh08\HandIn_01\task_1_2\Debug\rc.write.1.tlog
C:\SVN-WIN32-1.6.17\BIN\TRUNK\TORGEH08\HANDIN_01\TASK_1_2\DEBUG\TASK_1_2.EXE.EMBED.MANIFEST
C:\SVN-WIN32-1.6.17\BIN\TRUNK\TORGEH08\HANDIN_01\TASK_1_2\DEBUG\TASK_1_2.EXE.EMBED.MANIFEST.RES
C:\SVN-WIN32-1.6.17\BIN\TRUNK\TORGEH08\HANDIN_01\TASK_1_2\DEBUG\TASK_1_2.EXE.INTERMEDIATE.MANIFEST
C:\svn-win32-1.6.17\bin\trunk\Torgeh08\HandIn_01\task_1_2\Debug\task_1_2_manifest.rc
C:\svn-win32-1.6.17\bin\trunk\Torgeh08\HandIn_01\task_1_2\Debug\vc100.idb
C:\SVN-WIN32-1.6.17\BIN\TRUNK\TORGEH08\HANDIN_01\TASK_1_2\DEBUG\VC100.PDB
