Build started 24/08/2011 14:39:54.
     1>Project "H:\Programmering\C++\dat220_2011\Torgeh08\task_1_2\task_1_2.vcxproj" on node 2 (build target(s)).
     1>InitializeBuildStatus:
         Creating "Debug\task_1_2.unsuccessfulbuild" because "AlwaysCreate" was specified.
       ClCompile:
         D:\Program Files (x86)\Visual Studio\VC\bin\CL.exe /c /ZI /nologo /W3 /WX- /Od /Oy- /D WIN32 /D _DEBUG /D _CONSOLE /D _UNICODE /D UNICODE /Gm /EHsc /RTC1 /MDd /GS /fp:precise /Zc:wchar_t /Zc:forScope /Fo"Debug\\" /Fd"Debug\vc100.pdb" /Gd /TP /analyze- /errorReport:prompt main.cpp
         main.cpp
       ManifestResourceCompile:
         All outputs are up-to-date.
       Link:
         D:\Program Files (x86)\Visual Studio\VC\bin\link.exe /ERRORREPORT:PROMPT /OUT:"H:\Programmering\C++\dat220_2011\Torgeh08\task_1_2\Debug\task_1_2.exe" /INCREMENTAL /NOLOGO kernel32.lib user32.lib gdi32.lib winspool.lib comdlg32.lib advapi32.lib shell32.lib ole32.lib oleaut32.lib uuid.lib odbc32.lib odbccp32.lib /MANIFEST /ManifestFile:"Debug\task_1_2.exe.intermediate.manifest" /MANIFESTUAC:"level='asInvoker' uiAccess='false'" /DEBUG /PDB:"H:\Programmering\C++\dat220_2011\Torgeh08\task_1_2\Debug\task_1_2.pdb" /SUBSYSTEM:CONSOLE /TLBID:1 /DYNAMICBASE /NXCOMPAT /IMPLIB:"H:\Programmering\C++\dat220_2011\Torgeh08\task_1_2\Debug\task_1_2.lib" /MACHINE:X86 Debug\task_1_2.exe.embed.manifest.res
         Debug\main.obj
       Manifest:
         C:\Program Files (x86)\Microsoft SDKs\Windows\v7.0A\bin\mt.exe /nologo /verbose /out:"Debug\task_1_2.exe.embed.manifest" /manifest Debug\task_1_2.exe.intermediate.manifest
         All outputs are up-to-date.
       LinkEmbedManifest:
         All outputs are up-to-date.
         task_1_2.vcxproj -> H:\Programmering\C++\dat220_2011\Torgeh08\task_1_2\Debug\task_1_2.exe
       FinalizeBuildStatus:
         Deleting file "Debug\task_1_2.unsuccessfulbuild".
         Touching "Debug\task_1_2.lastbuildstate".
     1>Done Building Project "H:\Programmering\C++\dat220_2011\Torgeh08\task_1_2\task_1_2.vcxproj" (build target(s)).

Build succeeded.

Time Elapsed 00:00:00.92
