Build started 22.08.2012 19:17:19.
     1>Project "D:\Programmering\C++\SoundToPicture\SoundToPicture\SoundToPicture.vcxproj" on node 2 (build target(s)).
     1>InitializeBuildStatus:
         Creating "Debug\SoundToPicture.unsuccessfulbuild" because "AlwaysCreate" was specified.
       ClCompile:
         C:\Program Files (x86)\Microsoft Visual Studio 10.0\VC\bin\CL.exe /c /ZI /nologo /W3 /WX- /Od /Oy- /D WIN32 /D _DEBUG /D _CONSOLE /D _UNICODE /D UNICODE /Gm /EHsc /RTC1 /MDd /GS /fp:precise /Zc:wchar_t /Zc:forScope /Fo"Debug\\" /Fd"Debug\vc100.pdb" /Gd /TP /analyze- /errorReport:prompt Main.cpp
         Main.cpp
       ManifestResourceCompile:
         All outputs are up-to-date.
       Link:
         C:\Program Files (x86)\Microsoft Visual Studio 10.0\VC\bin\link.exe /ERRORREPORT:PROMPT /OUT:"D:\Programmering\C++\SoundToPicture\SoundToPicture\Debug\SoundToPicture.exe" /INCREMENTAL /NOLOGO kernel32.lib user32.lib gdi32.lib winspool.lib comdlg32.lib advapi32.lib shell32.lib ole32.lib oleaut32.lib uuid.lib odbc32.lib odbccp32.lib /MANIFEST /ManifestFile:"Debug\SoundToPicture.exe.intermediate.manifest" /MANIFESTUAC:"level='asInvoker' uiAccess='false'" /DEBUG /PDB:"D:\Programmering\C++\SoundToPicture\SoundToPicture\Debug\SoundToPicture.pdb" /SUBSYSTEM:CONSOLE /TLBID:1 /DYNAMICBASE /NXCOMPAT /IMPLIB:"D:\Programmering\C++\SoundToPicture\SoundToPicture\Debug\SoundToPicture.lib" /MACHINE:X86 Debug\SoundToPicture.exe.embed.manifest.res
         Debug\Main.obj
       Manifest:
         C:\Program Files (x86)\Microsoft SDKs\Windows\v7.0A\bin\mt.exe /nologo /verbose /out:"Debug\SoundToPicture.exe.embed.manifest" /manifest Debug\SoundToPicture.exe.intermediate.manifest
         All outputs are up-to-date.
       LinkEmbedManifest:
         All outputs are up-to-date.
         SoundToPicture.vcxproj -> D:\Programmering\C++\SoundToPicture\SoundToPicture\Debug\SoundToPicture.exe
       FinalizeBuildStatus:
         Deleting file "Debug\SoundToPicture.unsuccessfulbuild".
         Touching "Debug\SoundToPicture.lastbuildstate".
     1>Done Building Project "D:\Programmering\C++\SoundToPicture\SoundToPicture\SoundToPicture.vcxproj" (build target(s)).

Build succeeded.

Time Elapsed 00:00:00.67
